23:38:58 INFO  : Registering command handlers for SDK TCF services
23:38:59 INFO  : Launching XSCT server: xsct.bat -interactive C:\Daisy_ZNS_multi\temp_xsdb_launch_script.tcl
23:39:01 INFO  : XSCT server has started successfully.
23:39:01 INFO  : Successfully done setting XSCT server connection channel  
23:39:01 INFO  : Successfully done setting SDK workspace  
23:39:54 INFO  : Project 'sys_top_wrapper_hw_platform_0' created. You can now create BSPs and application projects targeting this hardware platform.
07:12:41 INFO  : Registering command handlers for SDK TCF services
07:12:42 INFO  : Launching XSCT server: xsct.bat -interactive C:\Daisy_ZNS_multi\temp_xsdb_launch_script.tcl
07:12:46 INFO  : XSCT server has started successfully.
07:12:46 INFO  : Successfully done setting XSCT server connection channel  
07:12:52 INFO  : Successfully done setting SDK workspace  
10:05:01 INFO  : Registering command handlers for SDK TCF services
10:05:01 INFO  : Launching XSCT server: xsct.bat -interactive C:\Daisy_ZNS_multi\temp_xsdb_launch_script.tcl
10:05:03 INFO  : XSCT server has started successfully.
10:05:04 INFO  : Successfully done setting XSCT server connection channel  
10:05:04 INFO  : Successfully done setting SDK workspace  
16:47:49 INFO  : Registering command handlers for SDK TCF services
16:47:49 INFO  : Launching XSCT server: xsct.bat -interactive C:\Daisy_ZNS_multi-core\temp_xsdb_launch_script.tcl
16:47:51 INFO  : XSCT server has started successfully.
16:47:52 INFO  : Successfully done setting XSCT server connection channel  
16:47:52 INFO  : Successfully done setting SDK workspace  
16:51:04 INFO  : Registering command handlers for SDK TCF services
16:51:04 INFO  : Launching XSCT server: xsct.bat -interactive C:\Daisy_ZNS_multi-core\temp_xsdb_launch_script.tcl
16:51:06 INFO  : XSCT server has started successfully.
16:51:07 INFO  : Successfully done setting XSCT server connection channel  
16:51:07 INFO  : Successfully done setting SDK workspace  
